[2018-10-14 07:59:40] production.DEBUG: Flarum\Http\Exception\RouteNotFoundException in /var/www/html/flarum/vendor/flarum/core/src/Http/Middleware/DispatchRoute.php:62
Stack trace:
#0 /var/www/html/flarum/vendor/zendframework/zend-stratigility/src/Dispatch.php(212): Flarum\Http\Middleware\DispatchRoute->__invoke(Object(Zend\Stratigility\Http\Request), Object(Zend\Stratigility\Http\Response), Object(Zend\Stratigility\Next))
#1 /var/www/html/flarum/vendor/zendframework/zend-stratigility/src/Dispatch.php(88): Zend\Stratigility\Dispatch->dispatchCallableMiddleware(Object(Flarum\Http\Middleware\DispatchRoute), Object(Zend\Stratigility\Next), Object(Zend\Stratigility\Http\Request), Object(Zend\Stratigility\Http\Response), NULL)
#2 /var/www/html/flarum/vendor/zendframework/zend-stratigility/src/Next.php(160): Zend\Stratigility\Dispatch->__invoke(Object(Zend\Stratigility\Route), NULL, Object(Zend\Stratigility\Http\Request), Object(Zend\Stratigility\Http\Response), Object(Zend\Stratigility\Next))
#3 /var/www/html/flarum/vendor/flarum/core/src/Http/Middleware/SetLocale.php(51): Zend\Stratigility\Next->__invoke(Object(Zend\Stratigility\Http\Request), Object(Zend\Stratigility\Http\Response))
#4 /var/www/html/flarum/vendor/zendframework/zend-stratigility/src/Dispatch.php(212): Flarum\Http\Middleware\SetLocale->__invoke(Object(Zend\Stratigility\Http\Request), Object(Zend\Stratigility\Http\Response), Object(Zend\Stratigility\Next))
#5 /var/www/html/flarum/vendor/zendframework/zend-stratigility/src/Dispatch.php(88): Zend\Stratigility\Dispatch->dispatchCallableMiddleware(Object(Flarum\Http\Middleware\SetLocale), Object(Zend\Stratigility\Next), Object(Zend\Stratigility\Http\Request), Object(Zend\Stratigility\Http\Response), NULL)
#6 /var/www/html/flarum/vendor/zendframework/zend-stratigility/src/Next.php(160): Zend\Stratigility\Dispatch->__invoke(Object(Zend\Stratigility\Route), NULL, Object(Zend\Stratigility\Http\Request), Object(Zend\Stratigility\Http\Response), Object(Zend\Stratigility\Next))
#7 /var/www/html/flarum/vendor/flarum/core/src/Http/Middleware/AuthenticateWithSession.php(36): Zend\Stratigility\Next->__invoke(Object(Zend\Stratigility\Http\Request), Object(Zend\Stratigility\Http\Response))
#8 /var/www/html/flarum/vendor/zendframework/zend-stratigility/src/Dispatch.php(212): Flarum\Http\Middleware\AuthenticateWithSession->__invoke(Object(Zend\Stratigility\Http\Request), Object(Zend\Stratigility\Http\Response), Object(Zend\Stratigility\Next))
#9 /var/www/html/flarum/vendor/zendframework/zend-stratigility/src/Dispatch.php(88): Zend\Stratigility\Dispatch->dispatchCallableMiddleware(Object(Flarum\Http\Middleware\AuthenticateWithSession), Object(Zend\Stratigility\Next), Object(Zend\Stratigility\Http\Request), Object(Zend\Stratigility\Http\Response), NULL)
#10 /var/www/html/flarum/vendor/zendframework/zend-stratigility/src/Next.php(160): Zend\Stratigility\Dispatch->__invoke(Object(Zend\Stratigility\Route), NULL, Object(Zend\Stratigility\Http\Request), Object(Zend\Stratigility\Http\Response), Object(Zend\Stratigility\Next))
#11 /var/www/html/flarum/vendor/flarum/core/src/Http/Middleware/RememberFromCookie.php(39): Zend\Stratigility\Next->__invoke(Object(Zend\Stratigility\Http\Request), Object(Zend\Stratigility\Http\Response))
#12 /var/www/html/flarum/vendor/zendframework/zend-stratigility/src/Dispatch.php(212): Flarum\Http\Middleware\RememberFromCookie->__invoke(Object(Zend\Stratigility\Http\Request), Object(Zend\Stratigility\Http\Response), Object(Zend\Stratigility\Next))
#13 /var/www/html/flarum/vendor/zendframework/zend-stratigility/src/Dispatch.php(88): Zend\Stratigility\Dispatch->dispatchCallableMiddleware(Object(Flarum\Http\Middleware\RememberFromCookie), Object(Zend\Stratigility\Next), Object(Zend\Stratigility\Http\Request), Object(Zend\Stratigility\Http\Response), NULL)
#14 /var/www/html/flarum/vendor/zendframework/zend-stratigility/src/Next.php(160): Zend\Stratigility\Dispatch->__invoke(Object(Zend\Stratigility\Route), NULL, Object(Zend\Stratigility\Http\Request), Object(Zend\Stratigility\Http\Response), Object(Zend\Stratigility\Next))
#15 /var/www/html/flarum/vendor/flarum/core/src/Http/Middleware/StartSession.php(48): Zend\Stratigility\Next->__invoke(Object(Zend\Stratigility\Http\Request), Object(Zend\Stratigility\Http\Response))
#16 /var/www/html/flarum/vendor/zendframework/zend-stratigility/src/Dispatch.php(212): Flarum\Http\Middleware\StartSession->__invoke(Object(Zend\Stratigility\Http\Request), Object(Zend\Stratigility\Http\Response), Object(Zend\Stratigility\Next))
#17 /var/www/html/flarum/vendor/zendframework/zend-stratigility/src/Dispatch.php(88): Zend\Stratigility\Dispatch->dispatchCallableMiddleware(Object(Flarum\Http\Middleware\StartSession), Object(Zend\Stratigility\Next), Object(Zend\Stratigility\Http\Request), Object(Zend\Stratigility\Http\Response), NULL)
#18 /var/www/html/flarum/vendor/zendframework/zend-stratigility/src/Next.php(160): Zend\Stratigility\Dispatch->__invoke(Object(Zend\Stratigility\Route), NULL, Object(Zend\Stratigility\Http\Request), Object(Zend\Stratigility\Http\Response), Object(Zend\Stratigility\Next))
#19 /var/www/html/flarum/vendor/flarum/core/src/Http/Middleware/ParseJsonBody.php(31): Zend\Stratigility\Next->__invoke(Object(Zend\Stratigility\Http\Request), Object(Zend\Stratigility\Http\Response))
#20 /var/www/html/flarum/vendor/zendframework/zend-stratigility/src/Dispatch.php(212): Flarum\Http\Middleware\ParseJsonBody->__invoke(Object(Zend\Stratigility\Http\Request), Object(Zend\Stratigility\Http\Response), Object(Zend\Stratigility\Next))
#21 /var/www/html/flarum/vendor/zendframework/zend-stratigility/src/Dispatch.php(88): Zend\Stratigility\Dispatch->dispatchCallableMiddleware(Object(Flarum\Http\Middleware\ParseJsonBody), Object(Zend\Stratigility\Next), Object(Zend\Stratigility\Http\Request), Object(Zend\Stratigility\Http\Response), NULL)
#22 /var/www/html/flarum/vendor/zendframework/zend-stratigility/src/Next.php(160): Zend\Stratigility\Dispatch->__invoke(Object(Zend\Stratigility\Route), NULL, Object(Zend\Stratigility\Http\Request), Object(Zend\Stratigility\Http\Response), Object(Zend\Stratigility\Next))
#23 /var/www/html/flarum/vendor/flarum/core/src/Http/Middleware/HandleErrors.php(61): Zend\Stratigility\Next->__invoke(Object(Zend\Stratigility\Http\Request), Object(Zend\Stratigility\Http\Response))
#24 /var/www/html/flarum/vendor/zendframework/zend-stratigility/src/Dispatch.php(212): Flarum\Http\Middleware\HandleErrors->__invoke(Object(Zend\Stratigility\Http\Request), Object(Zend\Stratigility\Http\Response), Object(Zend\Stratigility\Next))
#25 /var/www/html/flarum/vendor/zendframework/zend-stratigility/src/Dispatch.php(88): Zend\Stratigility\Dispatch->dispatchCallableMiddleware(Object(Flarum\Http\Middleware\HandleErrors), Object(Zend\Stratigility\Next), Object(Zend\Stratigility\Http\Request), Object(Zend\Stratigility\Http\Response), NULL)
#26 /var/www/html/flarum/vendor/zendframework/zend-stratigility/src/Next.php(160): Zend\Stratigility\Dispatch->__invoke(Object(Zend\Stratigility\Route), NULL, Object(Zend\Stratigility\Http\Request), Object(Zend\Stratigility\Http\Response), Object(Zend\Stratigility\Next))
#27 /var/www/html/flarum/vendor/zendframework/zend-stratigility/src/MiddlewarePipe.php(111): Zend\Stratigility\Next->__invoke(Object(Zend\Stratigility\Http\Request), Object(Zend\Stratigility\Http\Response))
#28 /var/www/html/flarum/vendor/flarum/core/src/Http/AbstractServer.php(55): Zend\Stratigility\MiddlewarePipe->__invoke(Object(Zend\Stratigility\Http\Request), Object(Zend\Stratigility\Http\Response), Object(Zend\Stratigility\NoopFinalHandler))
#29 /var/www/html/flarum/vendor/zendframework/zend-diactoros/src/Server.php(162): Flarum\Http\AbstractServer->__invoke(Object(Zend\Diactoros\ServerRequest), Object(Zend\Diactoros\Response), Object(Zend\Stratigility\NoopFinalHandler))
#30 /var/www/html/flarum/vendor/flarum/core/src/Http/AbstractServer.php(36): Zend\Diactoros\Server->listen(Object(Zend\Stratigility\NoopFinalHandler))
#31 /var/www/html/flarum/index.php(16): Flarum\Http\AbstractServer->listen()
#32 {main}  
[2018-10-14 07:59:41] production.DEBUG: Flarum\Http\Exception\RouteNotFoundException in /var/www/html/flarum/vendor/flarum/core/src/Http/Middleware/DispatchRoute.php:62
Stack trace:
#0 /var/www/html/flarum/vendor/zendframework/zend-stratigility/src/Dispatch.php(212): Flarum\Http\Middleware\DispatchRoute->__invoke(Object(Zend\Stratigility\Http\Request), Object(Zend\Stratigility\Http\Response), Object(Zend\Stratigility\Next))
#1 /var/www/html/flarum/vendor/zendframework/zend-stratigility/src/Dispatch.php(88): Zend\Stratigility\Dispatch->dispatchCallableMiddleware(Object(Flarum\Http\Middleware\DispatchRoute), Object(Zend\Stratigility\Next), Object(Zend\Stratigility\Http\Request), Object(Zend\Stratigility\Http\Response), NULL)
#2 /var/www/html/flarum/vendor/zendframework/zend-stratigility/src/Next.php(160): Zend\Stratigility\Dispatch->__invoke(Object(Zend\Stratigility\Route), NULL, Object(Zend\Stratigility\Http\Request), Object(Zend\Stratigility\Http\Response), Object(Zend\Stratigility\Next))
#3 /var/www/html/flarum/vendor/flarum/core/src/Http/Middleware/SetLocale.php(51): Zend\Stratigility\Next->__invoke(Object(Zend\Stratigility\Http\Request), Object(Zend\Stratigility\Http\Response))
#4 /var/www/html/flarum/vendor/zendframework/zend-stratigility/src/Dispatch.php(212): Flarum\Http\Middleware\SetLocale->__invoke(Object(Zend\Stratigility\Http\Request), Object(Zend\Stratigility\Http\Response), Object(Zend\Stratigility\Next))
#5 /var/www/html/flarum/vendor/zendframework/zend-stratigility/src/Dispatch.php(88): Zend\Stratigility\Dispatch->dispatchCallableMiddleware(Object(Flarum\Http\Middleware\SetLocale), Object(Zend\Stratigility\Next), Object(Zend\Stratigility\Http\Request), Object(Zend\Stratigility\Http\Response), NULL)
#6 /var/www/html/flarum/vendor/zendframework/zend-stratigility/src/Next.php(160): Zend\Stratigility\Dispatch->__invoke(Object(Zend\Stratigility\Route), NULL, Object(Zend\Stratigility\Http\Request), Object(Zend\Stratigility\Http\Response), Object(Zend\Stratigility\Next))
#7 /var/www/html/flarum/vendor/flarum/core/src/Http/Middleware/AuthenticateWithSession.php(36): Zend\Stratigility\Next->__invoke(Object(Zend\Stratigility\Http\Request), Object(Zend\Stratigility\Http\Response))
#8 /var/www/html/flarum/vendor/zendframework/zend-stratigility/src/Dispatch.php(212): Flarum\Http\Middleware\AuthenticateWithSession->__invoke(Object(Zend\Stratigility\Http\Request), Object(Zend\Stratigility\Http\Response), Object(Zend\Stratigility\Next))
#9 /var/www/html/flarum/vendor/zendframework/zend-stratigility/src/Dispatch.php(88): Zend\Stratigility\Dispatch->dispatchCallableMiddleware(Object(Flarum\Http\Middleware\AuthenticateWithSession), Object(Zend\Stratigility\Next), Object(Zend\Stratigility\Http\Request), Object(Zend\Stratigility\Http\Response), NULL)
#10 /var/www/html/flarum/vendor/zendframework/zend-stratigility/src/Next.php(160): Zend\Stratigility\Dispatch->__invoke(Object(Zend\Stratigility\Route), NULL, Object(Zend\Stratigility\Http\Request), Object(Zend\Stratigility\Http\Response), Object(Zend\Stratigility\Next))
#11 /var/www/html/flarum/vendor/flarum/core/src/Http/Middleware/RememberFromCookie.php(39): Zend\Stratigility\Next->__invoke(Object(Zend\Stratigility\Http\Request), Object(Zend\Stratigility\Http\Response))
#12 /var/www/html/flarum/vendor/zendframework/zend-stratigility/src/Dispatch.php(212): Flarum\Http\Middleware\RememberFromCookie->__invoke(Object(Zend\Stratigility\Http\Request), Object(Zend\Stratigility\Http\Response), Object(Zend\Stratigility\Next))
#13 /var/www/html/flarum/vendor/zendframework/zend-stratigility/src/Dispatch.php(88): Zend\Stratigility\Dispatch->dispatchCallableMiddleware(Object(Flarum\Http\Middleware\RememberFromCookie), Object(Zend\Stratigility\Next), Object(Zend\Stratigility\Http\Request), Object(Zend\Stratigility\Http\Response), NULL)
#14 /var/www/html/flarum/vendor/zendframework/zend-stratigility/src/Next.php(160): Zend\Stratigility\Dispatch->__invoke(Object(Zend\Stratigility\Route), NULL, Object(Zend\Stratigility\Http\Request), Object(Zend\Stratigility\Http\Response), Object(Zend\Stratigility\Next))
#15 /var/www/html/flarum/vendor/flarum/core/src/Http/Middleware/StartSession.php(48): Zend\Stratigility\Next->__invoke(Object(Zend\Stratigility\Http\Request), Object(Zend\Stratigility\Http\Response))
#16 /var/www/html/flarum/vendor/zendframework/zend-stratigility/src/Dispatch.php(212): Flarum\Http\Middleware\StartSession->__invoke(Object(Zend\Stratigility\Http\Request), Object(Zend\Stratigility\Http\Response), Object(Zend\Stratigility\Next))
#17 /var/www/html/flarum/vendor/zendframework/zend-stratigility/src/Dispatch.php(88): Zend\Stratigility\Dispatch->dispatchCallableMiddleware(Object(Flarum\Http\Middleware\StartSession), Object(Zend\Stratigility\Next), Object(Zend\Stratigility\Http\Request), Object(Zend\Stratigility\Http\Response), NULL)
#18 /var/www/html/flarum/vendor/zendframework/zend-stratigility/src/Next.php(160): Zend\Stratigility\Dispatch->__invoke(Object(Zend\Stratigility\Route), NULL, Object(Zend\Stratigility\Http\Request), Object(Zend\Stratigility\Http\Response), Object(Zend\Stratigility\Next))
#19 /var/www/html/flarum/vendor/flarum/core/src/Http/Middleware/ParseJsonBody.php(31): Zend\Stratigility\Next->__invoke(Object(Zend\Stratigility\Http\Request), Object(Zend\Stratigility\Http\Response))
#20 /var/www/html/flarum/vendor/zendframework/zend-stratigility/src/Dispatch.php(212): Flarum\Http\Middleware\ParseJsonBody->__invoke(Object(Zend\Stratigility\Http\Request), Object(Zend\Stratigility\Http\Response), Object(Zend\Stratigility\Next))
#21 /var/www/html/flarum/vendor/zendframework/zend-stratigility/src/Dispatch.php(88): Zend\Stratigility\Dispatch->dispatchCallableMiddleware(Object(Flarum\Http\Middleware\ParseJsonBody), Object(Zend\Stratigility\Next), Object(Zend\Stratigility\Http\Request), Object(Zend\Stratigility\Http\Response), NULL)
#22 /var/www/html/flarum/vendor/zendframework/zend-stratigility/src/Next.php(160): Zend\Stratigility\Dispatch->__invoke(Object(Zend\Stratigility\Route), NULL, Object(Zend\Stratigility\Http\Request), Object(Zend\Stratigility\Http\Response), Object(Zend\Stratigility\Next))
#23 /var/www/html/flarum/vendor/flarum/core/src/Http/Middleware/HandleErrors.php(61): Zend\Stratigility\Next->__invoke(Object(Zend\Stratigility\Http\Request), Object(Zend\Stratigility\Http\Response))
#24 /var/www/html/flarum/vendor/zendframework/zend-stratigility/src/Dispatch.php(212): Flarum\Http\Middleware\HandleErrors->__invoke(Object(Zend\Stratigility\Http\Request), Object(Zend\Stratigility\Http\Response), Object(Zend\Stratigility\Next))
#25 /var/www/html/flarum/vendor/zendframework/zend-stratigility/src/Dispatch.php(88): Zend\Stratigility\Dispatch->dispatchCallableMiddleware(Object(Flarum\Http\Middleware\HandleErrors), Object(Zend\Stratigility\Next), Object(Zend\Stratigility\Http\Request), Object(Zend\Stratigility\Http\Response), NULL)
#26 /var/www/html/flarum/vendor/zendframework/zend-stratigility/src/Next.php(160): Zend\Stratigility\Dispatch->__invoke(Object(Zend\Stratigility\Route), NULL, Object(Zend\Stratigility\Http\Request), Object(Zend\Stratigility\Http\Response), Object(Zend\Stratigility\Next))
#27 /var/www/html/flarum/vendor/zendframework/zend-stratigility/src/MiddlewarePipe.php(111): Zend\Stratigility\Next->__invoke(Object(Zend\Stratigility\Http\Request), Object(Zend\Stratigility\Http\Response))
#28 /var/www/html/flarum/vendor/flarum/core/src/Http/AbstractServer.php(55): Zend\Stratigility\MiddlewarePipe->__invoke(Object(Zend\Stratigility\Http\Request), Object(Zend\Stratigility\Http\Response), Object(Zend\Stratigility\NoopFinalHandler))
#29 /var/www/html/flarum/vendor/zendframework/zend-diactoros/src/Server.php(162): Flarum\Http\AbstractServer->__invoke(Object(Zend\Diactoros\ServerRequest), Object(Zend\Diactoros\Response), Object(Zend\Stratigility\NoopFinalHandler))
#30 /var/www/html/flarum/vendor/flarum/core/src/Http/AbstractServer.php(36): Zend\Diactoros\Server->listen(Object(Zend\Stratigility\NoopFinalHandler))
#31 /var/www/html/flarum/index.php(16): Flarum\Http\AbstractServer->listen()
#32 {main}  
[2018-10-14 08:30:09] production.DEBUG: Flarum\Core\Exception\PermissionDeniedException in /var/www/html/flarum/vendor/flarum/core/src/Core/Access/AssertPermissionTrait.php:26
Stack trace:
#0 /var/www/html/flarum/vendor/flarum/core/src/Core/Access/AssertPermissionTrait.php(38): Flarum\Admin\Middleware\RequireAdministrateAbility->assertPermission(false)
#1 /var/www/html/flarum/vendor/flarum/core/src/Core/Access/AssertPermissionTrait.php(65): Flarum\Admin\Middleware\RequireAdministrateAbility->assertCan(Object(Flarum\Core\Guest), 'administrate')
#2 /var/www/html/flarum/vendor/flarum/core/src/Admin/Middleware/RequireAdministrateAbility.php(28): Flarum\Admin\Middleware\RequireAdministrateAbility->assertAdmin(Object(Flarum\Core\Guest))
#3 /var/www/html/flarum/vendor/zendframework/zend-stratigility/src/Dispatch.php(212): Flarum\Admin\Middleware\RequireAdministrateAbility->__invoke(Object(Zend\Stratigility\Http\Request), Object(Zend\Stratigility\Http\Response), Object(Zend\Stratigility\Next))
#4 /var/www/html/flarum/vendor/zendframework/zend-stratigility/src/Dispatch.php(88): Zend\Stratigility\Dispatch->dispatchCallableMiddleware(Object(Flarum\Admin\Middleware\RequireAdministrateAbility), Object(Zend\Stratigility\Next), Object(Zend\Stratigility\Http\Request), Object(Zend\Stratigility\Http\Response), NULL)
#5 /var/www/html/flarum/vendor/zendframework/zend-stratigility/src/Next.php(160): Zend\Stratigility\Dispatch->__invoke(Object(Zend\Stratigility\Route), NULL, Object(Zend\Stratigility\Http\Request), Object(Zend\Stratigility\Http\Response), Object(Zend\Stratigility\Next))
#6 /var/www/html/flarum/vendor/flarum/core/src/Http/Middleware/SetLocale.php(51): Zend\Stratigility\Next->__invoke(Object(Zend\Stratigility\Http\Request), Object(Zend\Stratigility\Http\Response))
#7 /var/www/html/flarum/vendor/zendframework/zend-stratigility/src/Dispatch.php(212): Flarum\Http\Middleware\SetLocale->__invoke(Object(Zend\Stratigility\Http\Request), Object(Zend\Stratigility\Http\Response), Object(Zend\Stratigility\Next))
#8 /var/www/html/flarum/vendor/zendframework/zend-stratigility/src/Dispatch.php(88): Zend\Stratigility\Dispatch->dispatchCallableMiddleware(Object(Flarum\Http\Middleware\SetLocale), Object(Zend\Stratigility\Next), Object(Zend\Stratigility\Http\Request), Object(Zend\Stratigility\Http\Response), NULL)
#9 /var/www/html/flarum/vendor/zendframework/zend-stratigility/src/Next.php(160): Zend\Stratigility\Dispatch->__invoke(Object(Zend\Stratigility\Route), NULL, Object(Zend\Stratigility\Http\Request), Object(Zend\Stratigility\Http\Response), Object(Zend\Stratigility\Next))
#10 /var/www/html/flarum/vendor/flarum/core/src/Http/Middleware/AuthenticateWithSession.php(36): Zend\Stratigility\Next->__invoke(Object(Zend\Stratigility\Http\Request), Object(Zend\Stratigility\Http\Response))
#11 /var/www/html/flarum/vendor/zendframework/zend-stratigility/src/Dispatch.php(212): Flarum\Http\Middleware\AuthenticateWithSession->__invoke(Object(Zend\Stratigility\Http\Request), Object(Zend\Stratigility\Http\Response), Object(Zend\Stratigility\Next))
#12 /var/www/html/flarum/vendor/zendframework/zend-stratigility/src/Dispatch.php(88): Zend\Stratigility\Dispatch->dispatchCallableMiddleware(Object(Flarum\Http\Middleware\AuthenticateWithSession), Object(Zend\Stratigility\Next), Object(Zend\Stratigility\Http\Request), Object(Zend\Stratigility\Http\Response), NULL)
#13 /var/www/html/flarum/vendor/zendframework/zend-stratigility/src/Next.php(160): Zend\Stratigility\Dispatch->__invoke(Object(Zend\Stratigility\Route), NULL, Object(Zend\Stratigility\Http\Request), Object(Zend\Stratigility\Http\Response), Object(Zend\Stratigility\Next))
#14 /var/www/html/flarum/vendor/flarum/core/src/Http/Middleware/RememberFromCookie.php(39): Zend\Stratigility\Next->__invoke(Object(Zend\Stratigility\Http\Request), Object(Zend\Stratigility\Http\Response))
#15 /var/www/html/flarum/vendor/zendframework/zend-stratigility/src/Dispatch.php(212): Flarum\Http\Middleware\RememberFromCookie->__invoke(Object(Zend\Stratigility\Http\Request), Object(Zend\Stratigility\Http\Response), Object(Zend\Stratigility\Next))
#16 /var/www/html/flarum/vendor/zendframework/zend-stratigility/src/Dispatch.php(88): Zend\Stratigility\Dispatch->dispatchCallableMiddleware(Object(Flarum\Http\Middleware\RememberFromCookie), Object(Zend\Stratigility\Next), Object(Zend\Stratigility\Http\Request), Object(Zend\Stratigility\Http\Response), NULL)
#17 /var/www/html/flarum/vendor/zendframework/zend-stratigility/src/Next.php(160): Zend\Stratigility\Dispatch->__invoke(Object(Zend\Stratigility\Route), NULL, Object(Zend\Stratigility\Http\Request), Object(Zend\Stratigility\Http\Response), Object(Zend\Stratigility\Next))
#18 /var/www/html/flarum/vendor/flarum/core/src/Http/Middleware/StartSession.php(48): Zend\Stratigility\Next->__invoke(Object(Zend\Stratigility\Http\Request), Object(Zend\Stratigility\Http\Response))
#19 /var/www/html/flarum/vendor/zendframework/zend-stratigility/src/Dispatch.php(212): Flarum\Http\Middleware\StartSession->__invoke(Object(Zend\Stratigility\Http\Request), Object(Zend\Stratigility\Http\Response), Object(Zend\Stratigility\Next))
#20 /var/www/html/flarum/vendor/zendframework/zend-stratigility/src/Dispatch.php(88): Zend\Stratigility\Dispatch->dispatchCallableMiddleware(Object(Flarum\Http\Middleware\StartSession), Object(Zend\Stratigility\Next), Object(Zend\Stratigility\Http\Request), Object(Zend\Stratigility\Http\Response), NULL)
#21 /var/www/html/flarum/vendor/zendframework/zend-stratigility/src/Next.php(160): Zend\Stratigility\Dispatch->__invoke(Object(Zend\Stratigility\Route), NULL, Object(Zend\Stratigility\Http\Request), Object(Zend\Stratigility\Http\Response), Object(Zend\Stratigility\Next))
#22 /var/www/html/flarum/vendor/flarum/core/src/Http/Middleware/ParseJsonBody.php(31): Zend\Stratigility\Next->__invoke(Object(Zend\Stratigility\Http\Request), Object(Zend\Stratigility\Http\Response))
#23 /var/www/html/flarum/vendor/zendframework/zend-stratigility/src/Dispatch.php(212): Flarum\Http\Middleware\ParseJsonBody->__invoke(Object(Zend\Stratigility\Http\Request), Object(Zend\Stratigility\Http\Response), Object(Zend\Stratigility\Next))
#24 /var/www/html/flarum/vendor/zendframework/zend-stratigility/src/Dispatch.php(88): Zend\Stratigility\Dispatch->dispatchCallableMiddleware(Object(Flarum\Http\Middleware\ParseJsonBody), Object(Zend\Stratigility\Next), Object(Zend\Stratigility\Http\Request), Object(Zend\Stratigility\Http\Response), NULL)
#25 /var/www/html/flarum/vendor/zendframework/zend-stratigility/src/Next.php(160): Zend\Stratigility\Dispatch->__invoke(Object(Zend\Stratigility\Route), NULL, Object(Zend\Stratigility\Http\Request), Object(Zend\Stratigility\Http\Response), Object(Zend\Stratigility\Next))
#26 /var/www/html/flarum/vendor/flarum/core/src/Http/Middleware/HandleErrors.php(61): Zend\Stratigility\Next->__invoke(Object(Zend\Stratigility\Http\Request), Object(Zend\Stratigility\Http\Response))
#27 /var/www/html/flarum/vendor/zendframework/zend-stratigility/src/Dispatch.php(212): Flarum\Http\Middleware\HandleErrors->__invoke(Object(Zend\Stratigility\Http\Request), Object(Zend\Stratigility\Http\Response), Object(Zend\Stratigility\Next))
#28 /var/www/html/flarum/vendor/zendframework/zend-stratigility/src/Dispatch.php(88): Zend\Stratigility\Dispatch->dispatchCallableMiddleware(Object(Flarum\Http\Middleware\HandleErrors), Object(Zend\Stratigility\Next), Object(Zend\Stratigility\Http\Request), Object(Zend\Stratigility\Http\Response), NULL)
#29 /var/www/html/flarum/vendor/zendframework/zend-stratigility/src/Next.php(160): Zend\Stratigility\Dispatch->__invoke(Object(Zend\Stratigility\Route), NULL, Object(Zend\Stratigility\Http\Request), Object(Zend\Stratigility\Http\Response), Object(Zend\Stratigility\Next))
#30 /var/www/html/flarum/vendor/zendframework/zend-stratigility/src/MiddlewarePipe.php(111): Zend\Stratigility\Next->__invoke(Object(Zend\Stratigility\Http\Request), Object(Zend\Stratigility\Http\Response))
#31 /var/www/html/flarum/vendor/flarum/core/src/Http/AbstractServer.php(55): Zend\Stratigility\MiddlewarePipe->__invoke(Object(Zend\Stratigility\Http\Request), Object(Zend\Stratigility\Http\Response), Object(Zend\Stratigility\NoopFinalHandler))
#32 /var/www/html/flarum/vendor/zendframework/zend-diactoros/src/Server.php(162): Flarum\Http\AbstractServer->__invoke(Object(Zend\Diactoros\ServerRequest), Object(Zend\Diactoros\Response), Object(Zend\Stratigility\NoopFinalHandler))
#33 /var/www/html/flarum/vendor/flarum/core/src/Http/AbstractServer.php(36): Zend\Diactoros\Server->listen(Object(Zend\Stratigility\NoopFinalHandler))
#34 /var/www/html/flarum/admin.php(16): Flarum\Http\AbstractServer->listen()
#35 {main}  
[2018-10-14 08:30:16] production.DEBUG: Flarum\Core\Exception\PermissionDeniedException in /var/www/html/flarum/vendor/flarum/core/src/Core/Access/AssertPermissionTrait.php:26
Stack trace:
#0 /var/www/html/flarum/vendor/flarum/core/src/Core/Access/AssertPermissionTrait.php(38): Flarum\Admin\Middleware\RequireAdministrateAbility->assertPermission(false)
#1 /var/www/html/flarum/vendor/flarum/core/src/Core/Access/AssertPermissionTrait.php(65): Flarum\Admin\Middleware\RequireAdministrateAbility->assertCan(Object(Flarum\Core\Guest), 'administrate')
#2 /var/www/html/flarum/vendor/flarum/core/src/Admin/Middleware/RequireAdministrateAbility.php(28): Flarum\Admin\Middleware\RequireAdministrateAbility->assertAdmin(Object(Flarum\Core\Guest))
#3 /var/www/html/flarum/vendor/zendframework/zend-stratigility/src/Dispatch.php(212): Flarum\Admin\Middleware\RequireAdministrateAbility->__invoke(Object(Zend\Stratigility\Http\Request), Object(Zend\Stratigility\Http\Response), Object(Zend\Stratigility\Next))
#4 /var/www/html/flarum/vendor/zendframework/zend-stratigility/src/Dispatch.php(88): Zend\Stratigility\Dispatch->dispatchCallableMiddleware(Object(Flarum\Admin\Middleware\RequireAdministrateAbility), Object(Zend\Stratigility\Next), Object(Zend\Stratigility\Http\Request), Object(Zend\Stratigility\Http\Response), NULL)
#5 /var/www/html/flarum/vendor/zendframework/zend-stratigility/src/Next.php(160): Zend\Stratigility\Dispatch->__invoke(Object(Zend\Stratigility\Route), NULL, Object(Zend\Stratigility\Http\Request), Object(Zend\Stratigility\Http\Response), Object(Zend\Stratigility\Next))
#6 /var/www/html/flarum/vendor/flarum/core/src/Http/Middleware/SetLocale.php(51): Zend\Stratigility\Next->__invoke(Object(Zend\Stratigility\Http\Request), Object(Zend\Stratigility\Http\Response))
#7 /var/www/html/flarum/vendor/zendframework/zend-stratigility/src/Dispatch.php(212): Flarum\Http\Middleware\SetLocale->__invoke(Object(Zend\Stratigility\Http\Request), Object(Zend\Stratigility\Http\Response), Object(Zend\Stratigility\Next))
#8 /var/www/html/flarum/vendor/zendframework/zend-stratigility/src/Dispatch.php(88): Zend\Stratigility\Dispatch->dispatchCallableMiddleware(Object(Flarum\Http\Middleware\SetLocale), Object(Zend\Stratigility\Next), Object(Zend\Stratigility\Http\Request), Object(Zend\Stratigility\Http\Response), NULL)
#9 /var/www/html/flarum/vendor/zendframework/zend-stratigility/src/Next.php(160): Zend\Stratigility\Dispatch->__invoke(Object(Zend\Stratigility\Route), NULL, Object(Zend\Stratigility\Http\Request), Object(Zend\Stratigility\Http\Response), Object(Zend\Stratigility\Next))
#10 /var/www/html/flarum/vendor/flarum/core/src/Http/Middleware/AuthenticateWithSession.php(36): Zend\Stratigility\Next->__invoke(Object(Zend\Stratigility\Http\Request), Object(Zend\Stratigility\Http\Response))
#11 /var/www/html/flarum/vendor/zendframework/zend-stratigility/src/Dispatch.php(212): Flarum\Http\Middleware\AuthenticateWithSession->__invoke(Object(Zend\Stratigility\Http\Request), Object(Zend\Stratigility\Http\Response), Object(Zend\Stratigility\Next))
#12 /var/www/html/flarum/vendor/zendframework/zend-stratigility/src/Dispatch.php(88): Zend\Stratigility\Dispatch->dispatchCallableMiddleware(Object(Flarum\Http\Middleware\AuthenticateWithSession), Object(Zend\Stratigility\Next), Object(Zend\Stratigility\Http\Request), Object(Zend\Stratigility\Http\Response), NULL)
#13 /var/www/html/flarum/vendor/zendframework/zend-stratigility/src/Next.php(160): Zend\Stratigility\Dispatch->__invoke(Object(Zend\Stratigility\Route), NULL, Object(Zend\Stratigility\Http\Request), Object(Zend\Stratigility\Http\Response), Object(Zend\Stratigility\Next))
#14 /var/www/html/flarum/vendor/flarum/core/src/Http/Middleware/RememberFromCookie.php(39): Zend\Stratigility\Next->__invoke(Object(Zend\Stratigility\Http\Request), Object(Zend\Stratigility\Http\Response))
#15 /var/www/html/flarum/vendor/zendframework/zend-stratigility/src/Dispatch.php(212): Flarum\Http\Middleware\RememberFromCookie->__invoke(Object(Zend\Stratigility\Http\Request), Object(Zend\Stratigility\Http\Response), Object(Zend\Stratigility\Next))
#16 /var/www/html/flarum/vendor/zendframework/zend-stratigility/src/Dispatch.php(88): Zend\Stratigility\Dispatch->dispatchCallableMiddleware(Object(Flarum\Http\Middleware\RememberFromCookie), Object(Zend\Stratigility\Next), Object(Zend\Stratigility\Http\Request), Object(Zend\Stratigility\Http\Response), NULL)
#17 /var/www/html/flarum/vendor/zendframework/zend-stratigility/src/Next.php(160): Zend\Stratigility\Dispatch->__invoke(Object(Zend\Stratigility\Route), NULL, Object(Zend\Stratigility\Http\Request), Object(Zend\Stratigility\Http\Response), Object(Zend\Stratigility\Next))
#18 /var/www/html/flarum/vendor/flarum/core/src/Http/Middleware/StartSession.php(48): Zend\Stratigility\Next->__invoke(Object(Zend\Stratigility\Http\Request), Object(Zend\Stratigility\Http\Response))
#19 /var/www/html/flarum/vendor/zendframework/zend-stratigility/src/Dispatch.php(212): Flarum\Http\Middleware\StartSession->__invoke(Object(Zend\Stratigility\Http\Request), Object(Zend\Stratigility\Http\Response), Object(Zend\Stratigility\Next))
#20 /var/www/html/flarum/vendor/zendframework/zend-stratigility/src/Dispatch.php(88): Zend\Stratigility\Dispatch->dispatchCallableMiddleware(Object(Flarum\Http\Middleware\StartSession), Object(Zend\Stratigility\Next), Object(Zend\Stratigility\Http\Request), Object(Zend\Stratigility\Http\Response), NULL)
#21 /var/www/html/flarum/vendor/zendframework/zend-stratigility/src/Next.php(160): Zend\Stratigility\Dispatch->__invoke(Object(Zend\Stratigility\Route), NULL, Object(Zend\Stratigility\Http\Request), Object(Zend\Stratigility\Http\Response), Object(Zend\Stratigility\Next))
#22 /var/www/html/flarum/vendor/flarum/core/src/Http/Middleware/ParseJsonBody.php(31): Zend\Stratigility\Next->__invoke(Object(Zend\Stratigility\Http\Request), Object(Zend\Stratigility\Http\Response))
#23 /var/www/html/flarum/vendor/zendframework/zend-stratigility/src/Dispatch.php(212): Flarum\Http\Middleware\ParseJsonBody->__invoke(Object(Zend\Stratigility\Http\Request), Object(Zend\Stratigility\Http\Response), Object(Zend\Stratigility\Next))
#24 /var/www/html/flarum/vendor/zendframework/zend-stratigility/src/Dispatch.php(88): Zend\Stratigility\Dispatch->dispatchCallableMiddleware(Object(Flarum\Http\Middleware\ParseJsonBody), Object(Zend\Stratigility\Next), Object(Zend\Stratigility\Http\Request), Object(Zend\Stratigility\Http\Response), NULL)
#25 /var/www/html/flarum/vendor/zendframework/zend-stratigility/src/Next.php(160): Zend\Stratigility\Dispatch->__invoke(Object(Zend\Stratigility\Route), NULL, Object(Zend\Stratigility\Http\Request), Object(Zend\Stratigility\Http\Response), Object(Zend\Stratigility\Next))
#26 /var/www/html/flarum/vendor/flarum/core/src/Http/Middleware/HandleErrors.php(61): Zend\Stratigility\Next->__invoke(Object(Zend\Stratigility\Http\Request), Object(Zend\Stratigility\Http\Response))
#27 /var/www/html/flarum/vendor/zendframework/zend-stratigility/src/Dispatch.php(212): Flarum\Http\Middleware\HandleErrors->__invoke(Object(Zend\Stratigility\Http\Request), Object(Zend\Stratigility\Http\Response), Object(Zend\Stratigility\Next))
#28 /var/www/html/flarum/vendor/zendframework/zend-stratigility/src/Dispatch.php(88): Zend\Stratigility\Dispatch->dispatchCallableMiddleware(Object(Flarum\Http\Middleware\HandleErrors), Object(Zend\Stratigility\Next), Object(Zend\Stratigility\Http\Request), Object(Zend\Stratigility\Http\Response), NULL)
#29 /var/www/html/flarum/vendor/zendframework/zend-stratigility/src/Next.php(160): Zend\Stratigility\Dispatch->__invoke(Object(Zend\Stratigility\Route), NULL, Object(Zend\Stratigility\Http\Request), Object(Zend\Stratigility\Http\Response), Object(Zend\Stratigility\Next))
#30 /var/www/html/flarum/vendor/zendframework/zend-stratigility/src/MiddlewarePipe.php(111): Zend\Stratigility\Next->__invoke(Object(Zend\Stratigility\Http\Request), Object(Zend\Stratigility\Http\Response))
#31 /var/www/html/flarum/vendor/flarum/core/src/Http/AbstractServer.php(55): Zend\Stratigility\MiddlewarePipe->__invoke(Object(Zend\Stratigility\Http\Request), Object(Zend\Stratigility\Http\Response), Object(Zend\Stratigility\NoopFinalHandler))
#32 /var/www/html/flarum/vendor/zendframework/zend-diactoros/src/Server.php(162): Flarum\Http\AbstractServer->__invoke(Object(Zend\Diactoros\ServerRequest), Object(Zend\Diactoros\Response), Object(Zend\Stratigility\NoopFinalHandler))
#33 /var/www/html/flarum/vendor/flarum/core/src/Http/AbstractServer.php(36): Zend\Diactoros\Server->listen(Object(Zend\Stratigility\NoopFinalHandler))
#34 /var/www/html/flarum/admin.php(16): Flarum\Http\AbstractServer->listen()
#35 {main}  
[2018-10-14 08:45:07] production.DEBUG: Flarum\Http\Exception\RouteNotFoundException in /var/www/html/flarum/vendor/flarum/core/src/Http/Middleware/DispatchRoute.php:62
Stack trace:
#0 /var/www/html/flarum/vendor/zendframework/zend-stratigility/src/Dispatch.php(212): Flarum\Http\Middleware\DispatchRoute->__invoke(Object(Zend\Stratigility\Http\Request), Object(Zend\Stratigility\Http\Response), Object(Zend\Stratigility\Next))
#1 /var/www/html/flarum/vendor/zendframework/zend-stratigility/src/Dispatch.php(88): Zend\Stratigility\Dispatch->dispatchCallableMiddleware(Object(Flarum\Http\Middleware\DispatchRoute), Object(Zend\Stratigility\Next), Object(Zend\Stratigility\Http\Request), Object(Zend\Stratigility\Http\Response), NULL)
#2 /var/www/html/flarum/vendor/zendframework/zend-stratigility/src/Next.php(160): Zend\Stratigility\Dispatch->__invoke(Object(Zend\Stratigility\Route), NULL, Object(Zend\Stratigility\Http\Request), Object(Zend\Stratigility\Http\Response), Object(Zend\Stratigility\Next))
#3 /var/www/html/flarum/vendor/flarum/core/src/Admin/Middleware/RequireAdministrateAbility.php(30): Zend\Stratigility\Next->__invoke(Object(Zend\Stratigility\Http\Request), Object(Zend\Stratigility\Http\Response))
#4 /var/www/html/flarum/vendor/zendframework/zend-stratigility/src/Dispatch.php(212): Flarum\Admin\Middleware\RequireAdministrateAbility->__invoke(Object(Zend\Stratigility\Http\Request), Object(Zend\Stratigility\Http\Response), Object(Zend\Stratigility\Next))
#5 /var/www/html/flarum/vendor/zendframework/zend-stratigility/src/Dispatch.php(88): Zend\Stratigility\Dispatch->dispatchCallableMiddleware(Object(Flarum\Admin\Middleware\RequireAdministrateAbility), Object(Zend\Stratigility\Next), Object(Zend\Stratigility\Http\Request), Object(Zend\Stratigility\Http\Response), NULL)
#6 /var/www/html/flarum/vendor/zendframework/zend-stratigility/src/Next.php(160): Zend\Stratigility\Dispatch->__invoke(Object(Zend\Stratigility\Route), NULL, Object(Zend\Stratigility\Http\Request), Object(Zend\Stratigility\Http\Response), Object(Zend\Stratigility\Next))
#7 /var/www/html/flarum/vendor/flarum/core/src/Http/Middleware/SetLocale.php(51): Zend\Stratigility\Next->__invoke(Object(Zend\Stratigility\Http\Request), Object(Zend\Stratigility\Http\Response))
#8 /var/www/html/flarum/vendor/zendframework/zend-stratigility/src/Dispatch.php(212): Flarum\Http\Middleware\SetLocale->__invoke(Object(Zend\Stratigility\Http\Request), Object(Zend\Stratigility\Http\Response), Object(Zend\Stratigility\Next))
#9 /var/www/html/flarum/vendor/zendframework/zend-stratigility/src/Dispatch.php(88): Zend\Stratigility\Dispatch->dispatchCallableMiddleware(Object(Flarum\Http\Middleware\SetLocale), Object(Zend\Stratigility\Next), Object(Zend\Stratigility\Http\Request), Object(Zend\Stratigility\Http\Response), NULL)
#10 /var/www/html/flarum/vendor/zendframework/zend-stratigility/src/Next.php(160): Zend\Stratigility\Dispatch->__invoke(Object(Zend\Stratigility\Route), NULL, Object(Zend\Stratigility\Http\Request), Object(Zend\Stratigility\Http\Response), Object(Zend\Stratigility\Next))
#11 /var/www/html/flarum/vendor/flarum/core/src/Http/Middleware/AuthenticateWithSession.php(36): Zend\Stratigility\Next->__invoke(Object(Zend\Stratigility\Http\Request), Object(Zend\Stratigility\Http\Response))
#12 /var/www/html/flarum/vendor/zendframework/zend-stratigility/src/Dispatch.php(212): Flarum\Http\Middleware\AuthenticateWithSession->__invoke(Object(Zend\Stratigility\Http\Request), Object(Zend\Stratigility\Http\Response), Object(Zend\Stratigility\Next))
#13 /var/www/html/flarum/vendor/zendframework/zend-stratigility/src/Dispatch.php(88): Zend\Stratigility\Dispatch->dispatchCallableMiddleware(Object(Flarum\Http\Middleware\AuthenticateWithSession), Object(Zend\Stratigility\Next), Object(Zend\Stratigility\Http\Request), Object(Zend\Stratigility\Http\Response), NULL)
#14 /var/www/html/flarum/vendor/zendframework/zend-stratigility/src/Next.php(160): Zend\Stratigility\Dispatch->__invoke(Object(Zend\Stratigility\Route), NULL, Object(Zend\Stratigility\Http\Request), Object(Zend\Stratigility\Http\Response), Object(Zend\Stratigility\Next))
#15 /var/www/html/flarum/vendor/flarum/core/src/Http/Middleware/RememberFromCookie.php(39): Zend\Stratigility\Next->__invoke(Object(Zend\Stratigility\Http\Request), Object(Zend\Stratigility\Http\Response))
#16 /var/www/html/flarum/vendor/zendframework/zend-stratigility/src/Dispatch.php(212): Flarum\Http\Middleware\RememberFromCookie->__invoke(Object(Zend\Stratigility\Http\Request), Object(Zend\Stratigility\Http\Response), Object(Zend\Stratigility\Next))
#17 /var/www/html/flarum/vendor/zendframework/zend-stratigility/src/Dispatch.php(88): Zend\Stratigility\Dispatch->dispatchCallableMiddleware(Object(Flarum\Http\Middleware\RememberFromCookie), Object(Zend\Stratigility\Next), Object(Zend\Stratigility\Http\Request), Object(Zend\Stratigility\Http\Response), NULL)
#18 /var/www/html/flarum/vendor/zendframework/zend-stratigility/src/Next.php(160): Zend\Stratigility\Dispatch->__invoke(Object(Zend\Stratigility\Route), NULL, Object(Zend\Stratigility\Http\Request), Object(Zend\Stratigility\Http\Response), Object(Zend\Stratigility\Next))
#19 /var/www/html/flarum/vendor/flarum/core/src/Http/Middleware/StartSession.php(48): Zend\Stratigility\Next->__invoke(Object(Zend\Stratigility\Http\Request), Object(Zend\Stratigility\Http\Response))
#20 /var/www/html/flarum/vendor/zendframework/zend-stratigility/src/Dispatch.php(212): Flarum\Http\Middleware\StartSession->__invoke(Object(Zend\Stratigility\Http\Request), Object(Zend\Stratigility\Http\Response), Object(Zend\Stratigility\Next))
#21 /var/www/html/flarum/vendor/zendframework/zend-stratigility/src/Dispatch.php(88): Zend\Stratigility\Dispatch->dispatchCallableMiddleware(Object(Flarum\Http\Middleware\StartSession), Object(Zend\Stratigility\Next), Object(Zend\Stratigility\Http\Request), Object(Zend\Stratigility\Http\Response), NULL)
#22 /var/www/html/flarum/vendor/zendframework/zend-stratigility/src/Next.php(160): Zend\Stratigility\Dispatch->__invoke(Object(Zend\Stratigility\Route), NULL, Object(Zend\Stratigility\Http\Request), Object(Zend\Stratigility\Http\Response), Object(Zend\Stratigility\Next))
#23 /var/www/html/flarum/vendor/flarum/core/src/Http/Middleware/ParseJsonBody.php(31): Zend\Stratigility\Next->__invoke(Object(Zend\Stratigility\Http\Request), Object(Zend\Stratigility\Http\Response))
#24 /var/www/html/flarum/vendor/zendframework/zend-stratigility/src/Dispatch.php(212): Flarum\Http\Middleware\ParseJsonBody->__invoke(Object(Zend\Stratigility\Http\Request), Object(Zend\Stratigility\Http\Response), Object(Zend\Stratigility\Next))
#25 /var/www/html/flarum/vendor/zendframework/zend-stratigility/src/Dispatch.php(88): Zend\Stratigility\Dispatch->dispatchCallableMiddleware(Object(Flarum\Http\Middleware\ParseJsonBody), Object(Zend\Stratigility\Next), Object(Zend\Stratigility\Http\Request), Object(Zend\Stratigility\Http\Response), NULL)
#26 /var/www/html/flarum/vendor/zendframework/zend-stratigility/src/Next.php(160): Zend\Stratigility\Dispatch->__invoke(Object(Zend\Stratigility\Route), NULL, Object(Zend\Stratigility\Http\Request), Object(Zend\Stratigility\Http\Response), Object(Zend\Stratigility\Next))
#27 /var/www/html/flarum/vendor/flarum/core/src/Http/Middleware/HandleErrors.php(61): Zend\Stratigility\Next->__invoke(Object(Zend\Stratigility\Http\Request), Object(Zend\Stratigility\Http\Response))
#28 /var/www/html/flarum/vendor/zendframework/zend-stratigility/src/Dispatch.php(212): Flarum\Http\Middleware\HandleErrors->__invoke(Object(Zend\Stratigility\Http\Request), Object(Zend\Stratigility\Http\Response), Object(Zend\Stratigility\Next))
#29 /var/www/html/flarum/vendor/zendframework/zend-stratigility/src/Dispatch.php(88): Zend\Stratigility\Dispatch->dispatchCallableMiddleware(Object(Flarum\Http\Middleware\HandleErrors), Object(Zend\Stratigility\Next), Object(Zend\Stratigility\Http\Request), Object(Zend\Stratigility\Http\Response), NULL)
#30 /var/www/html/flarum/vendor/zendframework/zend-stratigility/src/Next.php(160): Zend\Stratigility\Dispatch->__invoke(Object(Zend\Stratigility\Route), NULL, Object(Zend\Stratigility\Http\Request), Object(Zend\Stratigility\Http\Response), Object(Zend\Stratigility\Next))
#31 /var/www/html/flarum/vendor/zendframework/zend-stratigility/src/MiddlewarePipe.php(111): Zend\Stratigility\Next->__invoke(Object(Zend\Stratigility\Http\Request), Object(Zend\Stratigility\Http\Response))
#32 /var/www/html/flarum/vendor/flarum/core/src/Http/AbstractServer.php(55): Zend\Stratigility\MiddlewarePipe->__invoke(Object(Zend\Stratigility\Http\Request), Object(Zend\Stratigility\Http\Response), Object(Zend\Stratigility\NoopFinalHandler))
#33 /var/www/html/flarum/vendor/zendframework/zend-diactoros/src/Server.php(162): Flarum\Http\AbstractServer->__invoke(Object(Zend\Diactoros\ServerRequest), Object(Zend\Diactoros\Response), Object(Zend\Stratigility\NoopFinalHandler))
#34 /var/www/html/flarum/vendor/flarum/core/src/Http/AbstractServer.php(36): Zend\Diactoros\Server->listen(Object(Zend\Stratigility\NoopFinalHandler))
#35 /var/www/html/flarum/admin.php(16): Flarum\Http\AbstractServer->listen()
#36 {main}  
